[20260228T211807Z] Mission Control update start
dir=/root/mission-control
-- git status (before) --
## deploy/mission-control-2026-02-28...dan/deploy/mission-control-2026-02-28
-- git fetch/pull --
Fetching origin
Fetching dan
From https://github.com/odanielsoares/amoraopenclaw
 * [new branch]      deploy-auto/20260228T181628Z -> dan/deploy-auto/20260228T181628Z
 * [new branch]      deploy-auto/20260228T182631Z -> dan/deploy-auto/20260228T182631Z
 * [new branch]      deploy-auto/20260228T183632Z -> dan/deploy-auto/20260228T183632Z
 * [new branch]      deploy-auto/20260228T184641Z -> dan/deploy-auto/20260228T184641Z
 * [new branch]      deploy-auto/20260228T185703Z -> dan/deploy-auto/20260228T185703Z
 * [new branch]      deploy-auto/20260228T190706Z -> dan/deploy-auto/20260228T190706Z
 * [new branch]      deploy-auto/20260228T191721Z -> dan/deploy-auto/20260228T191721Z
 * [new branch]      deploy-auto/20260228T192722Z -> dan/deploy-auto/20260228T192722Z
 * [new branch]      deploy-auto/20260228T193731Z -> dan/deploy-auto/20260228T193731Z
 * [new branch]      deploy-auto/20260228T194801Z -> dan/deploy-auto/20260228T194801Z
 * [new branch]      deploy-auto/20260228T195819Z -> dan/deploy-auto/20260228T195819Z
 * [new branch]      deploy-auto/20260228T200831Z -> dan/deploy-auto/20260228T200831Z
 * [new branch]      deploy-auto/20260228T201903Z -> dan/deploy-auto/20260228T201903Z
 * [new branch]      deploy-auto/20260228T202921Z -> dan/deploy-auto/20260228T202921Z
 * [new branch]      deploy-auto/20260228T203922Z -> dan/deploy-auto/20260228T203922Z
 * [new branch]      deploy-auto/20260228T204931Z -> dan/deploy-auto/20260228T204931Z
 * [new branch]      deploy-auto/20260228T205934Z -> dan/deploy-auto/20260228T205934Z
 * [new branch]      deploy-auto/20260228T210934Z -> dan/deploy-auto/20260228T210934Z
 * [new branch]      fix/deploy-odanielsoares -> dan/fix/deploy-odanielsoares
 * [new branch]      main                     -> dan/main
 * [new branch]      sanitize/infra-redaction-2026-02-28 -> dan/sanitize/infra-redaction-2026-02-28
Already up to date.
-- npm install/build --
npm warn deprecated inflight@1.0.6: This module is not supported, and leaks memory. Do not use it. Check out lru-cache if you want a good and tested way to coalesce async requests by a key value, which is much more comprehensive and powerful.
npm warn deprecated @humanwhocodes/config-array@0.13.0: Use @eslint/config-array instead
npm warn deprecated rimraf@3.0.2: Rimraf versions prior to v4 are no longer supported
npm warn deprecated @humanwhocodes/object-schema@2.0.3: Use @eslint/object-schema instead
npm warn deprecated glob@7.2.3: Glob versions prior to v9 are no longer supported
npm warn deprecated eslint@8.57.1: This version is no longer supported. Please see https://eslint.org/version-support for other options.
npm warn deprecated next@14.2.21: This version has a security vulnerability. Please upgrade to a patched version. See https://nextjs.org/blog/security-update-2025-12-11 for more details.

added 445 packages, and audited 446 packages in 27s
