[20260302T073003Z] Mission Control update start
dir=/root/mission-control
-- git status (before) --
## deploy/mission-control-2026-02-28...dan/deploy/mission-control-2026-02-28
-- git fetch/pull --
Fetching origin
Fetching dan
From https://github.com/odanielsoares/amoraopenclaw
 * [new branch]      deploy-auto/20260228T211951Z -> dan/deploy-auto/20260228T211951Z
 * [new branch]      deploy-auto/20260228T212958Z -> dan/deploy-auto/20260228T212958Z
 * [new branch]      deploy-auto/20260228T214014Z -> dan/deploy-auto/20260228T214014Z
 * [new branch]      deploy-auto/20260228T215031Z -> dan/deploy-auto/20260228T215031Z
 * [new branch]      deploy-auto/20260228T220046Z -> dan/deploy-auto/20260228T220046Z
 * [new branch]      deploy-auto/20260228T221058Z -> dan/deploy-auto/20260228T221058Z
 * [new branch]      deploy-auto/20260228T222111Z -> dan/deploy-auto/20260228T222111Z
 * [new branch]      deploy-auto/20260228T223131Z -> dan/deploy-auto/20260228T223131Z
 * [new branch]      deploy-auto/20260228T224147Z -> dan/deploy-auto/20260228T224147Z
 * [new branch]      deploy-auto/20260228T225157Z -> dan/deploy-auto/20260228T225157Z
 * [new branch]      deploy-auto/20260228T230203Z -> dan/deploy-auto/20260228T230203Z
 * [new branch]      deploy-auto/20260228T231204Z -> dan/deploy-auto/20260228T231204Z
 * [new branch]      deploy-auto/20260228T232211Z -> dan/deploy-auto/20260228T232211Z
 * [new branch]      deploy-auto/20260228T233212Z -> dan/deploy-auto/20260228T233212Z
 * [new branch]      deploy-auto/20260228T234221Z -> dan/deploy-auto/20260228T234221Z
 * [new branch]      deploy-auto/20260228T235231Z -> dan/deploy-auto/20260228T235231Z
 * [new branch]      deploy-auto/20260301T000325Z -> dan/deploy-auto/20260301T000325Z
 * [new branch]      deploy-auto/20260301T001331Z -> dan/deploy-auto/20260301T001331Z
 * [new branch]      deploy-auto/20260301T002355Z -> dan/deploy-auto/20260301T002355Z
 * [new branch]      deploy-auto/20260301T003358Z -> dan/deploy-auto/20260301T003358Z
 * [new branch]      deploy-auto/20260301T004425Z -> dan/deploy-auto/20260301T004425Z
 * [new branch]      deploy-auto/20260301T005431Z -> dan/deploy-auto/20260301T005431Z
 * [new branch]      deploy-auto/20260301T010434Z -> dan/deploy-auto/20260301T010434Z
 * [new branch]      deploy-auto/20260301T011434Z -> dan/deploy-auto/20260301T011434Z
 * [new branch]      deploy-auto/20260301T012441Z -> dan/deploy-auto/20260301T012441Z
 * [new branch]      deploy-auto/20260301T013458Z -> dan/deploy-auto/20260301T013458Z
 * [new branch]      deploy-auto/20260301T014527Z -> dan/deploy-auto/20260301T014527Z
 * [new branch]      deploy-auto/20260301T015531Z -> dan/deploy-auto/20260301T015531Z
 * [new branch]      deploy-auto/20260301T020551Z -> dan/deploy-auto/20260301T020551Z
 * [new branch]      deploy-auto/20260301T021558Z -> dan/deploy-auto/20260301T021558Z
 * [new branch]      deploy-auto/20260301T022601Z -> dan/deploy-auto/20260301T022601Z
 * [new branch]      deploy-auto/20260301T023629Z -> dan/deploy-auto/20260301T023629Z
 * [new branch]      deploy-auto/20260301T024631Z -> dan/deploy-auto/20260301T024631Z
 * [new branch]      deploy-auto/20260301T025659Z -> dan/deploy-auto/20260301T025659Z
 * [new branch]      deploy-auto/20260301T030701Z -> dan/deploy-auto/20260301T030701Z
 * [new branch]      deploy-auto/20260301T031703Z -> dan/deploy-auto/20260301T031703Z
 * [new branch]      deploy-auto/20260301T032726Z -> dan/deploy-auto/20260301T032726Z
 * [new branch]      deploy-auto/20260301T033731Z -> dan/deploy-auto/20260301T033731Z
 * [new branch]      deploy-auto/20260301T034746Z -> dan/deploy-auto/20260301T034746Z
 * [new branch]      deploy-auto/20260301T035759Z -> dan/deploy-auto/20260301T035759Z
 * [new branch]      deploy-auto/20260301T040806Z -> dan/deploy-auto/20260301T040806Z
 * [new branch]      deploy-auto/20260301T041820Z -> dan/deploy-auto/20260301T041820Z
 * [new branch]      deploy-auto/20260301T042831Z -> dan/deploy-auto/20260301T042831Z
 * [new branch]      deploy-auto/20260301T043859Z -> dan/deploy-auto/20260301T043859Z
 * [new branch]      deploy-auto/20260301T044859Z -> dan/deploy-auto/20260301T044859Z
 * [new branch]      deploy-auto/20260301T045901Z -> dan/deploy-auto/20260301T045901Z
 * [new branch]      deploy-auto/20260301T050904Z -> dan/deploy-auto/20260301T050904Z
 * [new branch]      deploy-auto/20260301T051931Z -> dan/deploy-auto/20260301T051931Z
 * [new branch]      deploy-auto/20260301T052934Z -> dan/deploy-auto/20260301T052934Z
 * [new branch]      deploy-auto/20260301T053934Z -> dan/deploy-auto/20260301T053934Z
 * [new branch]      deploy-auto/20260301T054949Z -> dan/deploy-auto/20260301T054949Z
 * [new branch]      deploy-auto/20260301T055956Z -> dan/deploy-auto/20260301T055956Z
 * [new branch]      deploy-auto/20260301T060959Z -> dan/deploy-auto/20260301T060959Z
 * [new branch]      deploy-auto/20260301T062004Z -> dan/deploy-auto/20260301T062004Z
 * [new branch]      deploy-auto/20260301T063010Z -> dan/deploy-auto/20260301T063010Z
 * [new branch]      deploy-auto/20260301T064031Z -> dan/deploy-auto/20260301T064031Z
 * [new branch]      deploy-auto/20260301T065051Z -> dan/deploy-auto/20260301T065051Z
 * [new branch]      deploy-auto/20260301T070121Z -> dan/deploy-auto/20260301T070121Z
 * [new branch]      deploy-auto/20260301T071131Z -> dan/deploy-auto/20260301T071131Z
 * [new branch]      deploy-auto/20260301T072155Z -> dan/deploy-auto/20260301T072155Z
 * [new branch]      deploy-auto/20260301T073159Z -> dan/deploy-auto/20260301T073159Z
 * [new branch]      deploy-auto/20260301T074203Z -> dan/deploy-auto/20260301T074203Z
 * [new branch]      deploy-auto/20260301T075231Z -> dan/deploy-auto/20260301T075231Z
 * [new branch]      deploy-auto/20260301T080241Z -> dan/deploy-auto/20260301T080241Z
 * [new branch]      deploy-auto/20260301T081243Z -> dan/deploy-auto/20260301T081243Z
 * [new branch]      deploy-auto/20260301T082253Z -> dan/deploy-auto/20260301T082253Z
 * [new branch]      deploy-auto/20260301T083259Z -> dan/deploy-auto/20260301T083259Z
 * [new branch]      deploy-auto/20260301T084331Z -> dan/deploy-auto/20260301T084331Z
 * [new branch]      deploy-auto/20260301T085359Z -> dan/deploy-auto/20260301T085359Z
 * [new branch]      deploy-auto/20260301T090431Z -> dan/deploy-auto/20260301T090431Z
 * [new branch]      deploy-auto/20260301T091434Z -> dan/deploy-auto/20260301T091434Z
 * [new branch]      deploy-auto/20260301T092434Z -> dan/deploy-auto/20260301T092434Z
 * [new branch]      deploy-auto/20260301T093434Z -> dan/deploy-auto/20260301T093434Z
 * [new branch]      deploy-auto/20260301T094452Z -> dan/deploy-auto/20260301T094452Z
 * [new branch]      deploy-auto/20260301T095459Z -> dan/deploy-auto/20260301T095459Z
 * [new branch]      deploy-auto/20260301T100531Z -> dan/deploy-auto/20260301T100531Z
 * [new branch]      deploy-auto/20260301T101541Z -> dan/deploy-auto/20260301T101541Z
 * [new branch]      deploy-auto/20260301T102551Z -> dan/deploy-auto/20260301T102551Z
 * [new branch]      deploy-auto/20260301T103559Z -> dan/deploy-auto/20260301T103559Z
 * [new branch]      deploy-auto/20260301T104601Z -> dan/deploy-auto/20260301T104601Z
 * [new branch]      deploy-auto/20260301T105631Z -> dan/deploy-auto/20260301T105631Z
 * [new branch]      deploy-auto/20260301T110649Z -> dan/deploy-auto/20260301T110649Z
 * [new branch]      deploy-auto/20260301T111654Z -> dan/deploy-auto/20260301T111654Z
 * [new branch]      deploy-auto/20260301T112654Z -> dan/deploy-auto/20260301T112654Z
 * [new branch]      deploy-auto/20260301T113659Z -> dan/deploy-auto/20260301T113659Z
 * [new branch]      deploy-auto/20260301T114703Z -> dan/deploy-auto/20260301T114703Z
 * [new branch]      deploy-auto/20260301T115719Z -> dan/deploy-auto/20260301T115719Z
 * [new branch]      deploy-auto/20260301T120731Z -> dan/deploy-auto/20260301T120731Z
 * [new branch]      deploy-auto/20260301T121731Z -> dan/deploy-auto/20260301T121731Z
 * [new branch]      deploy-auto/20260301T122746Z -> dan/deploy-auto/20260301T122746Z
 * [new branch]      deploy-auto/20260301T123759Z -> dan/deploy-auto/20260301T123759Z
 * [new branch]      deploy-auto/20260301T124831Z -> dan/deploy-auto/20260301T124831Z
 * [new branch]      deploy-auto/20260301T125852Z -> dan/deploy-auto/20260301T125852Z
 * [new branch]      deploy-auto/20260301T130853Z -> dan/deploy-auto/20260301T130853Z
 * [new branch]      deploy-auto/20260301T131859Z -> dan/deploy-auto/20260301T131859Z
 * [new branch]      deploy-auto/20260301T132931Z -> dan/deploy-auto/20260301T132931Z
 * [new branch]      deploy-auto/20260301T133934Z -> dan/deploy-auto/20260301T133934Z
 * [new branch]      deploy-auto/20260301T134944Z -> dan/deploy-auto/20260301T134944Z
 * [new branch]      deploy-auto/20260301T135959Z -> dan/deploy-auto/20260301T135959Z
 * [new branch]      deploy-auto/20260301T140959Z -> dan/deploy-auto/20260301T140959Z
 * [new branch]      deploy-auto/20260301T142005Z -> dan/deploy-auto/20260301T142005Z
 * [new branch]      deploy-auto/20260301T143031Z -> dan/deploy-auto/20260301T143031Z
 * [new branch]      deploy-auto/20260301T144122Z -> dan/deploy-auto/20260301T144122Z
 * [new branch]      deploy-auto/20260301T145131Z -> dan/deploy-auto/20260301T145131Z
 * [new branch]      deploy-auto/20260301T150132Z -> dan/deploy-auto/20260301T150132Z
 * [new branch]      deploy-auto/20260301T151158Z -> dan/deploy-auto/20260301T151158Z
 * [new branch]      deploy-auto/20260301T152203Z -> dan/deploy-auto/20260301T152203Z
 * [new branch]      deploy-auto/20260301T153211Z -> dan/deploy-auto/20260301T153211Z
 * [new branch]      deploy-auto/20260301T154231Z -> dan/deploy-auto/20260301T154231Z
 * [new branch]      deploy-auto/20260301T155249Z -> dan/deploy-auto/20260301T155249Z
 * [new branch]      deploy-auto/20260301T160251Z -> dan/deploy-auto/20260301T160251Z
 * [new branch]      deploy-auto/20260301T161318Z -> dan/deploy-auto/20260301T161318Z
 * [new branch]      deploy-auto/20260301T162324Z -> dan/deploy-auto/20260301T162324Z
 * [new branch]      deploy-auto/20260301T163326Z -> dan/deploy-auto/20260301T163326Z
 * [new branch]      deploy-auto/20260301T164331Z -> dan/deploy-auto/20260301T164331Z
 * [new branch]      deploy-auto/20260301T165341Z -> dan/deploy-auto/20260301T165341Z
 * [new branch]      deploy-auto/20260301T170351Z -> dan/deploy-auto/20260301T170351Z
 * [new branch]      deploy-auto/20260301T173431Z -> dan/deploy-auto/20260301T173431Z
 * [new branch]      deploy-auto/20260301T174434Z -> dan/deploy-auto/20260301T174434Z
 * [new branch]      deploy-auto/20260301T175441Z -> dan/deploy-auto/20260301T175441Z
 * [new branch]      deploy-auto/20260301T180500Z -> dan/deploy-auto/20260301T180500Z
 * [new branch]      deploy-auto/20260301T181521Z -> dan/deploy-auto/20260301T181521Z
 * [new branch]      deploy-auto/20260301T182531Z -> dan/deploy-auto/20260301T182531Z
 * [new branch]      deploy-auto/20260301T183551Z -> dan/deploy-auto/20260301T183551Z
 * [new branch]      deploy-auto/20260301T184606Z -> dan/deploy-auto/20260301T184606Z
 * [new branch]      deploy-auto/20260301T185630Z -> dan/deploy-auto/20260301T185630Z
 * [new branch]      deploy-auto/20260301T190631Z -> dan/deploy-auto/20260301T190631Z
 * [new branch]      deploy-auto/20260301T191650Z -> dan/deploy-auto/20260301T191650Z
 * [new branch]      deploy-auto/20260301T192703Z -> dan/deploy-auto/20260301T192703Z
 * [new branch]      deploy-auto/20260301T193704Z -> dan/deploy-auto/20260301T193704Z
 * [new branch]      deploy-auto/20260301T194709Z -> dan/deploy-auto/20260301T194709Z
 * [new branch]      deploy-auto/20260301T195711Z -> dan/deploy-auto/20260301T195711Z
 * [new branch]      deploy-auto/20260301T200711Z -> dan/deploy-auto/20260301T200711Z
 * [new branch]      deploy-auto/20260301T201731Z -> dan/deploy-auto/20260301T201731Z
 * [new branch]      deploy-auto/20260301T202748Z -> dan/deploy-auto/20260301T202748Z
 * [new branch]      deploy-auto/20260301T203755Z -> dan/deploy-auto/20260301T203755Z
 * [new branch]      deploy-auto/20260301T204811Z -> dan/deploy-auto/20260301T204811Z
 * [new branch]      deploy-auto/20260301T205814Z -> dan/deploy-auto/20260301T205814Z
 * [new branch]      deploy-auto/20260301T210827Z -> dan/deploy-auto/20260301T210827Z
 * [new branch]      deploy-auto/20260301T211831Z -> dan/deploy-auto/20260301T211831Z
 * [new branch]      deploy-auto/20260301T212851Z -> dan/deploy-auto/20260301T212851Z
 * [new branch]      deploy-auto/20260301T213859Z -> dan/deploy-auto/20260301T213859Z
 * [new branch]      deploy-auto/20260301T214901Z -> dan/deploy-auto/20260301T214901Z
 * [new branch]      deploy-auto/20260301T215931Z -> dan/deploy-auto/20260301T215931Z
 * [new branch]      deploy-auto/20260301T220933Z -> dan/deploy-auto/20260301T220933Z
 * [new branch]      deploy-auto/20260301T221934Z -> dan/deploy-auto/20260301T221934Z
 * [new branch]      deploy-auto/20260301T223000Z -> dan/deploy-auto/20260301T223000Z
 * [new branch]      deploy-auto/20260301T224003Z -> dan/deploy-auto/20260301T224003Z
 * [new branch]      deploy-auto/20260301T225011Z -> dan/deploy-auto/20260301T225011Z
 * [new branch]      deploy-auto/20260301T230014Z -> dan/deploy-auto/20260301T230014Z
 * [new branch]      deploy-auto/20260301T231031Z -> dan/deploy-auto/20260301T231031Z
 * [new branch]      deploy-auto/20260301T232045Z -> dan/deploy-auto/20260301T232045Z
 * [new branch]      deploy-auto/20260301T233054Z -> dan/deploy-auto/20260301T233054Z
 * [new branch]      deploy-auto/20260301T234110Z -> dan/deploy-auto/20260301T234110Z
 * [new branch]      deploy-auto/20260301T235111Z -> dan/deploy-auto/20260301T235111Z
 * [new branch]      deploy-auto/20260302T000114Z -> dan/deploy-auto/20260302T000114Z
 * [new branch]      deploy-auto/20260302T001121Z -> dan/deploy-auto/20260302T001121Z
 * [new branch]      deploy-auto/20260302T002131Z -> dan/deploy-auto/20260302T002131Z
 * [new branch]      deploy-auto/20260302T003157Z -> dan/deploy-auto/20260302T003157Z
 * [new branch]      deploy-auto/20260302T004201Z -> dan/deploy-auto/20260302T004201Z
 * [new branch]      deploy-auto/20260302T005203Z -> dan/deploy-auto/20260302T005203Z
 * [new branch]      deploy-auto/20260302T010211Z -> dan/deploy-auto/20260302T010211Z
 * [new branch]      deploy-auto/20260302T011221Z -> dan/deploy-auto/20260302T011221Z
 * [new branch]      deploy-auto/20260302T012231Z -> dan/deploy-auto/20260302T012231Z
 * [new branch]      deploy-auto/20260302T013234Z -> dan/deploy-auto/20260302T013234Z
 * [new branch]      deploy-auto/20260302T014311Z -> dan/deploy-auto/20260302T014311Z
 * [new branch]      deploy-auto/20260302T015318Z -> dan/deploy-auto/20260302T015318Z
 * [new branch]      deploy-auto/20260302T020328Z -> dan/deploy-auto/20260302T020328Z
 * [new branch]      deploy-auto/20260302T021331Z -> dan/deploy-auto/20260302T021331Z
 * [new branch]      deploy-auto/20260302T022401Z -> dan/deploy-auto/20260302T022401Z
 * [new branch]      deploy-auto/20260302T023431Z -> dan/deploy-auto/20260302T023431Z
 * [new branch]      deploy-auto/20260302T024434Z -> dan/deploy-auto/20260302T024434Z
 * [new branch]      deploy-auto/20260302T025434Z -> dan/deploy-auto/20260302T025434Z
 * [new branch]      deploy-auto/20260302T030456Z -> dan/deploy-auto/20260302T030456Z
 * [new branch]      deploy-auto/20260302T031459Z -> dan/deploy-auto/20260302T031459Z
 * [new branch]      deploy-auto/20260302T032500Z -> dan/deploy-auto/20260302T032500Z
 * [new branch]      deploy-auto/20260302T033500Z -> dan/deploy-auto/20260302T033500Z
 * [new branch]      deploy-auto/20260302T034516Z -> dan/deploy-auto/20260302T034516Z
 * [new branch]      deploy-auto/20260302T035531Z -> dan/deploy-auto/20260302T035531Z
 * [new branch]      deploy-auto/20260302T040541Z -> dan/deploy-auto/20260302T040541Z
 * [new branch]      deploy-auto/20260302T041554Z -> dan/deploy-auto/20260302T041554Z
 * [new branch]      deploy-auto/20260302T042611Z -> dan/deploy-auto/20260302T042611Z
 * [new branch]      deploy-auto/20260302T043617Z -> dan/deploy-auto/20260302T043617Z
 * [new branch]      deploy-auto/20260302T044631Z -> dan/deploy-auto/20260302T044631Z
 * [new branch]      deploy-auto/20260302T045656Z -> dan/deploy-auto/20260302T045656Z
 * [new branch]      deploy-auto/20260302T050703Z -> dan/deploy-auto/20260302T050703Z
 * [new branch]      deploy-auto/20260302T051721Z -> dan/deploy-auto/20260302T051721Z
 * [new branch]      deploy-auto/20260302T052723Z -> dan/deploy-auto/20260302T052723Z
 * [new branch]      deploy-auto/20260302T053731Z -> dan/deploy-auto/20260302T053731Z
 * [new branch]      deploy-auto/20260302T054801Z -> dan/deploy-auto/20260302T054801Z
 * [new branch]      deploy-auto/20260302T055831Z -> dan/deploy-auto/20260302T055831Z
 * [new branch]      deploy-auto/20260302T060849Z -> dan/deploy-auto/20260302T060849Z
 * [new branch]      deploy-auto/20260302T061912Z -> dan/deploy-auto/20260302T061912Z
 * [new branch]      deploy-auto/20260302T062931Z -> dan/deploy-auto/20260302T062931Z
 * [new branch]      deploy-auto/20260302T063934Z -> dan/deploy-auto/20260302T063934Z
 * [new branch]      deploy-auto/20260302T064957Z -> dan/deploy-auto/20260302T064957Z
 * [new branch]      deploy-auto/20260302T070000Z -> dan/deploy-auto/20260302T070000Z
 * [new branch]      deploy-auto/20260302T071014Z -> dan/deploy-auto/20260302T071014Z
 * [new branch]      deploy-auto/20260302T072017Z -> dan/deploy-auto/20260302T072017Z
Already up to date.
-- npm install/build --
